Build started 10/8/2012 12:23:05 PM.
     1>Project "C:\Users\dmh\svn\ttm\Windows\ttm.vcxproj" on node 2 (build target(s)).
     1>InitializeBuildStatus:
         Creating "Debug\ttm.unsuccessfulbuild" because "AlwaysCreate" was specified.
       ClCompile:
         C:\Program Files (x86)\Microsoft Visual Studio 10.0\VC\bin\CL.exe /c /ZI /nologo /W3 /WX- /Od /Oy- /D WIN32 /D _DEBUG /D _CONSOLE /D _UNICODE /D UNICODE /Gm /EHsc /RTC1 /MDd /GS /fp:precise /Zc:wchar_t /Zc:forScope /Fo"Debug\\" /Fd"Debug\vc100.pdb" /Gd /TP /analyze- /errorReport:prompt stdafx.cpp
         stdafx.cpp
         All outputs are up-to-date.
       ManifestResourceCompile:
         C:\Program Files (x86)\Microsoft SDKs\Windows\v7.0A\bin\rc.exe /nologo /fo"Debug\ttm.exe.embed.manifest.res" Debug\ttm_manifest.rc 
       Link:
         C:\Program Files (x86)\Microsoft Visual Studio 10.0\VC\bin\link.exe /ERRORREPORT:PROMPT /OUT:"C:\Users\dmh\svn\ttm\Windows\Debug\ttm.exe" /INCREMENTAL /NOLOGO kernel32.lib user32.lib gdi32.lib winspool.lib comdlg32.lib advapi32.lib shell32.lib ole32.lib oleaut32.lib uuid.lib odbc32.lib odbccp32.lib /MANIFEST /ManifestFile:"Debug\ttm.exe.intermediate.manifest" /MANIFESTUAC:"level='asInvoker' uiAccess='false'" /DEBUG /PDB:"C:\Users\dmh\svn\ttm\Windows\Debug\ttm.pdb" /SUBSYSTEM:CONSOLE /TLBID:1 /DYNAMICBASE /NXCOMPAT /IMPLIB:"C:\Users\dmh\svn\ttm\Windows\Debug\ttm.lib" /MACHINE:X86 Debug\ttm.exe.embed.manifest.res
         Debug\stdafx.obj
         Debug\ttm.obj
       Manifest:
         C:\Program Files (x86)\Microsoft SDKs\Windows\v7.0A\bin\mt.exe /nologo /verbose /out:"Debug\ttm.exe.embed.manifest" /manifest Debug\ttm.exe.intermediate.manifest
         All outputs are up-to-date.
       LinkEmbedManifest:
         All outputs are up-to-date.
         ttm.vcxproj -> C:\Users\dmh\svn\ttm\Windows\Debug\ttm.exe
       FinalizeBuildStatus:
         Deleting file "Debug\ttm.unsuccessfulbuild".
         Touching "Debug\ttm.lastbuildstate".
     1>Done Building Project "C:\Users\dmh\svn\ttm\Windows\ttm.vcxproj" (build target(s)).

Build succeeded.

Time Elapsed 00:00:00.66
